# JRE version: OpenJDK Runtime Environment (17.0.2+8) (build 17.0.2+8-86)
# Java VM: OpenJDK 64-Bit Server VM (17.0.2+8-86, mixed mode, sharing, tiered, compressed oops, compressed class ptrs, g1 gc, windows-amd64)
GC Precious Log:
 CPUs: 4 total, 4 available
 Memory: 3993M
 Large Page Support: Disabled
 NUMA Support: Disabled
 Compressed Oops: Enabled (32-bit)
 Heap Region Size: 1M
 Heap Min Capacity: 8M
 Heap Initial Capacity: 64M
 Heap Max Capacity: 1000M
 Pre-touch: Disabled
 Parallel Workers: 4
 Concurrent Workers: 1
 Concurrent Refinement Workers: 4
 Periodic GC: Disabled
Heap:
 garbage-first heap   total 81920K, used 47252K [0x00000000c1800000, 0x0000000100000000)
  region size 1024K, 13 young (13312K), 2 survivors (2048K)
 Metaspace       used 73821K, committed 74240K, reserved 1114112K
  class space    used 9739K, committed 9984K, reserved 1048576K
GC Heap History (20 events):
Event: 487.818 GC heap before
{Heap before GC invocations=21 (full 0):
 garbage-first heap   total 71680K, used 55654K [0x00000000c1800000, 0x0000000100000000)
  region size 1024K, 27 young (27648K), 4 survivors (4096K)
 Metaspace       used 69593K, committed 69952K, reserved 1114112K
  class space    used 9350K, committed 9536K, reserved 1048576K
}
Event: 487.905 GC heap after
{Heap after GC invocations=22 (full 0):
 garbage-first heap   total 71680K, used 34753K [0x00000000c1800000, 0x0000000100000000)
  region size 1024K, 2 young (2048K), 2 survivors (2048K)
 Metaspace       used 69593K, committed 69952K, reserved 1114112K
  class space    used 9350K, committed 9536K, reserved 1048576K
}
Event: 489.096 GC heap before
{Heap before GC invocations=22 (full 0):
 garbage-first heap   total 71680K, used 39873K [0x00000000c1800000, 0x0000000100000000)
  region size 1024K, 9 young (9216K), 2 survivors (2048K)
 Metaspace       used 70914K, committed 71360K, reserved 1114112K
  class space    used 9517K, committed 9728K, reserved 1048576K
}
Event: 489.121 GC heap after
{Heap after GC invocations=23 (full 0):
 garbage-first heap   total 71680K, used 35610K [0x00000000c1800000, 0x0000000100000000)
  region size 1024K, 3 young (3072K), 3 survivors (3072K)
 Metaspace       used 70914K, committed 71360K, reserved 1114112K
  class space    used 9517K, committed 9728K, reserved 1048576K
}
Event: 489.587 GC heap before
{Heap before GC invocations=24 (full 0):
 garbage-first heap   total 78848K, used 48922K [0x00000000c1800000, 0x0000000100000000)
  region size 1024K, 13 young (13312K), 3 survivors (3072K)
 Metaspace       used 71468K, committed 71872K, reserved 1114112K
  class space    used 9572K, committed 9728K, reserved 1048576K
}
Event: 489.597 GC heap after
{Heap after GC invocations=25 (full 0):
 garbage-first heap   total 78848K, used 42058K [0x00000000c1800000, 0x0000000100000000)
  region size 1024K, 3 young (3072K), 3 survivors (3072K)
 Metaspace       used 71468K, committed 71872K, reserved 1114112K
  class space    used 9572K, committed 9728K, reserved 1048576K
}
Event: 1004.469 GC heap before
{Heap before GC invocations=26 (full 0):
 garbage-first heap   total 81920K, used 60490K [0x00000000c1800000, 0x0000000100000000)
  region size 1024K, 19 young (19456K), 3 survivors (3072K)
 Metaspace       used 72660K, committed 73152K, reserved 1114112K
  class space    used 9746K, committed 9984K, reserved 1048576K
}
Event: 1004.690 GC heap after
{Heap after GC invocations=27 (full 0):
 garbage-first heap   total 81920K, used 40066K [0x00000000c1800000, 0x0000000100000000)
  region size 1024K, 2 young (2048K), 2 survivors (2048K)
 Metaspace       used 72660K, committed 73152K, reserved 1114112K
  class space    used 9746K, committed 9984K, reserved 1048576K
}
Event: 2370.531 GC heap before
{Heap before GC invocations=27 (full 0):
 garbage-first heap   total 81920K, used 59522K [0x00000000c1800000, 0x0000000100000000)
  region size 1024K, 21 young (21504K), 2 survivors (2048K)
 Metaspace       used 73027K, committed 73472K, reserved 1114112K
  class space    used 9755K, committed 9984K, reserved 1048576K
}
Event: 2370.683 GC heap after
{Heap after GC invocations=28 (full 0):
 garbage-first heap   total 81920K, used 40985K [0x00000000c1800000, 0x0000000100000000)
  region size 1024K, 3 young (3072K), 3 survivors (3072K)
 Metaspace       used 73027K, committed 73472K, reserved 1114112K
  class space    used 9755K, committed 9984K, reserved 1048576K
}
Event: 3580.437 GC heap before
{Heap before GC invocations=29 (full 0):
 garbage-first heap   total 81920K, used 59417K [0x00000000c1800000, 0x0000000100000000)
  region size 1024K, 23 young (23552K), 3 survivors (3072K)
 Metaspace       used 73172K, committed 73664K, reserved 1114112K
  class space    used 9735K, committed 9984K, reserved 1048576K
}
Event: 3580.569 GC heap after
{Heap after GC invocations=30 (full 0):
 garbage-first heap   total 81920K, used 40627K [0x00000000c1800000, 0x0000000100000000)
  region size 1024K, 2 young (2048K), 2 survivors (2048K)
 Metaspace       used 73172K, committed 73664K, reserved 1114112K
  class space    used 9735K, committed 9984K, reserved 1048576K
}
Event: 3728.162 GC heap before
{Heap before GC invocations=30 (full 0):
 garbage-first heap   total 81920K, used 42675K [0x00000000c1800000, 0x0000000100000000)
  region size 1024K, 4 young (4096K), 2 survivors (2048K)
 Metaspace       used 73193K, committed 73664K, reserved 1114112K
  class space    used 9735K, committed 9984K, reserved 1048576K
}
Event: 3728.427 GC heap after
{Heap after GC invocations=31 (full 0):
 garbage-first heap   total 81920K, used 36686K [0x00000000c1800000, 0x0000000100000000)
  region size 1024K, 1 young (1024K), 1 survivors (1024K)
 Metaspace       used 73193K, committed 73664K, reserved 1114112K
  class space    used 9735K, committed 9984K, reserved 1048576K
}
Event: 3909.144 GC heap before
{Heap before GC invocations=31 (full 0):
 garbage-first heap   total 81920K, used 39758K [0x00000000c1800000, 0x0000000100000000)
  region size 1024K, 4 young (4096K), 1 survivors (1024K)
 Metaspace       used 73274K, committed 73728K, reserved 1114112K
  class space    used 9735K, committed 9984K, reserved 1048576K
}
Event: 3909.263 GC heap after
{Heap after GC invocations=32 (full 0):
 garbage-first heap   total 81920K, used 36297K [0x00000000c1800000, 0x0000000100000000)
  region size 1024K, 1 young (1024K), 1 survivors (1024K)
 Metaspace       used 73274K, committed 73728K, reserved 1114112K
  class space    used 9735K, committed 9984K, reserved 1048576K
}
Event: 5741.071 GC heap before
{Heap before GC invocations=32 (full 0):
 garbage-first heap   total 81920K, used 61897K [0x00000000c1800000, 0x0000000100000000)
  region size 1024K, 26 young (26624K), 1 survivors (1024K)
 Metaspace       used 73507K, committed 73984K, reserved 1114112K
  class space    used 9738K, committed 9984K, reserved 1048576K
}
Event: 5741.188 GC heap after
{Heap after GC invocations=33 (full 0):
 garbage-first heap   total 81920K, used 37034K [0x00000000c1800000, 0x0000000100000000)
  region size 1024K, 2 young (2048K), 2 survivors (2048K)
 Metaspace       used 73507K, committed 73984K, reserved 1114112K
  class space    used 9738K, committed 9984K, reserved 1048576K
}
Event: 7742.775 GC heap before
{Heap before GC invocations=33 (full 0):
 garbage-first heap   total 81920K, used 62634K [0x00000000c1800000, 0x0000000100000000)
  region size 1024K, 28 young (28672K), 2 survivors (2048K)
 Metaspace       used 73714K, committed 74176K, reserved 1114112K
  class space    used 9738K, committed 9984K, reserved 1048576K
}
Event: 7742.915 GC heap after
{Heap after GC invocations=34 (full 0):
 garbage-first heap   total 81920K, used 37012K [0x00000000c1800000, 0x0000000100000000)
  region size 1024K, 2 young (2048K), 2 survivors (2048K)
 Metaspace       used 73714K, committed 74176K, reserved 1114112K
  class space    used 9738K, committed 9984K, reserved 1048576K
}

