# JRE version: Java(TM) SE Runtime Environment 18.9 (11.0.12+8) (build 11.0.12+8-LTS-237)
# Java VM: Java HotSpot(TM) 64-Bit Server VM 18.9 (11.0.12+8-LTS-237, mixed mode, tiered, compressed oops, g1 gc, windows-amd64)
Heap:
 garbage-first heap   total 65536K, used 25835K [0x00000000c1800000, 0x0000000100000000)
  region size 1024K, 18 young (18432K), 1 survivors (1024K)
 Metaspace       used 18593K, capacity 19009K, committed 19072K, reserved 1067008K
  class space    used 1994K, capacity 2162K, committed 2176K, reserved 1048576K
GC Heap History (6 events):
Event: 2.518 GC heap before
{Heap before GC invocations=0 (full 0):
 garbage-first heap   total 65536K, used 15360K [0x00000000c1800000, 0x0000000100000000)
  region size 1024K, 14 young (14336K), 0 survivors (0K)
 Metaspace       used 6417K, capacity 6503K, committed 6784K, reserved 1056768K
  class space    used 541K, capacity 570K, committed 640K, reserved 1048576K
}
Event: 2.528 GC heap after
{Heap after GC invocations=1 (full 0):
 garbage-first heap   total 65536K, used 6949K [0x00000000c1800000, 0x0000000100000000)
  region size 1024K, 2 young (2048K), 2 survivors (2048K)
 Metaspace       used 6417K, capacity 6503K, committed 6784K, reserved 1056768K
  class space    used 541K, capacity 570K, committed 640K, reserved 1048576K
}
Event: 4.238 GC heap before
{Heap before GC invocations=1 (full 0):
 garbage-first heap   total 65536K, used 19237K [0x00000000c1800000, 0x0000000100000000)
  region size 1024K, 14 young (14336K), 2 survivors (2048K)
 Metaspace       used 11535K, capacity 11685K, committed 11904K, reserved 1060864K
  class space    used 1090K, capacity 1150K, committed 1152K, reserved 1048576K
}
Event: 4.246 GC heap after
{Heap after GC invocations=2 (full 0):
 garbage-first heap   total 65536K, used 8493K [0x00000000c1800000, 0x0000000100000000)
  region size 1024K, 2 young (2048K), 2 survivors (2048K)
 Metaspace       used 11535K, capacity 11685K, committed 11904K, reserved 1060864K
  class space    used 1090K, capacity 1150K, committed 1152K, reserved 1048576K
}
Event: 5.421 GC heap before
{Heap before GC invocations=2 (full 0):
 garbage-first heap   total 65536K, used 29997K [0x00000000c1800000, 0x0000000100000000)
  region size 1024K, 23 young (23552K), 2 survivors (2048K)
 Metaspace       used 15276K, capacity 15542K, committed 15872K, reserved 1062912K
  class space    used 1583K, capacity 1698K, committed 1792K, reserved 1048576K
}
Event: 5.430 GC heap after
{Heap after GC invocations=3 (full 0):
 garbage-first heap   total 65536K, used 9451K [0x00000000c1800000, 0x0000000100000000)
  region size 1024K, 1 young (1024K), 1 survivors (1024K)
 Metaspace       used 15276K, capacity 15542K, committed 15872K, reserved 1062912K
  class space    used 1583K, capacity 1698K, committed 1792K, reserved 1048576K
}

