# JRE version: OpenJDK Runtime Environment (17.0.2+8) (build 17.0.2+8-86)
# Java VM: OpenJDK 64-Bit Server VM (17.0.2+8-86, mixed mode, sharing, tiered, compressed oops, compressed class ptrs, g1 gc, windows-amd64)
GC Precious Log:
 CPUs: 4 total, 4 available
 Memory: 3993M
 Large Page Support: Disabled
 NUMA Support: Disabled
 Compressed Oops: Enabled (32-bit)
 Heap Region Size: 1M
 Heap Min Capacity: 8M
 Heap Initial Capacity: 64M
 Heap Max Capacity: 1000M
 Pre-touch: Disabled
 Parallel Workers: 4
 Concurrent Workers: 1
 Concurrent Refinement Workers: 4
 Periodic GC: Disabled
Heap:
 garbage-first heap   total 51200K, used 28349K [0x00000000c1800000, 0x0000000100000000)
  region size 1024K, 6 young (6144K), 3 survivors (3072K)
 Metaspace       used 45122K, committed 45376K, reserved 1089536K
  class space    used 5974K, committed 6080K, reserved 1048576K
GC Heap History (20 events):
Event: 21.507 GC heap before
{Heap before GC invocations=3 (full 0):
 garbage-first heap   total 65536K, used 34876K [0x00000000c1800000, 0x0000000100000000)
  region size 1024K, 29 young (29696K), 3 survivors (3072K)
 Metaspace       used 16382K, committed 16640K, reserved 1064960K
  class space    used 2094K, committed 2240K, reserved 1048576K
}
Event: 21.517 GC heap after
{Heap after GC invocations=4 (full 0):
 garbage-first heap   total 65536K, used 10735K [0x00000000c1800000, 0x0000000100000000)
  region size 1024K, 4 young (4096K), 4 survivors (4096K)
 Metaspace       used 16382K, committed 16640K, reserved 1064960K
  class space    used 2094K, committed 2240K, reserved 1048576K
}
Event: 30.730 GC heap before
{Heap before GC invocations=4 (full 0):
 garbage-first heap   total 65536K, used 40431K [0x00000000c1800000, 0x0000000100000000)
  region size 1024K, 34 young (34816K), 4 survivors (4096K)
 Metaspace       used 19802K, committed 20096K, reserved 1073152K
  class space    used 2485K, committed 2624K, reserved 1048576K
}
Event: 30.740 GC heap after
{Heap after GC invocations=5 (full 0):
 garbage-first heap   total 65536K, used 12598K [0x00000000c1800000, 0x0000000100000000)
  region size 1024K, 4 young (4096K), 4 survivors (4096K)
 Metaspace       used 19802K, committed 20096K, reserved 1073152K
  class space    used 2485K, committed 2624K, reserved 1048576K
}
Event: 34.081 GC heap before
{Heap before GC invocations=5 (full 0):
 garbage-first heap   total 65536K, used 30006K [0x00000000c1800000, 0x0000000100000000)
  region size 1024K, 22 young (22528K), 4 survivors (4096K)
 Metaspace       used 21282K, committed 21504K, reserved 1073152K
  class space    used 2692K, committed 2816K, reserved 1048576K
}
Event: 34.096 GC heap after
{Heap after GC invocations=6 (full 0):
 garbage-first heap   total 65536K, used 13843K [0x00000000c1800000, 0x0000000100000000)
  region size 1024K, 3 young (3072K), 3 survivors (3072K)
 Metaspace       used 21282K, committed 21504K, reserved 1073152K
  class space    used 2692K, committed 2816K, reserved 1048576K
}
Event: 43.691 GC heap before
{Heap before GC invocations=7 (full 0):
 garbage-first heap   total 51200K, used 41491K [0x00000000c1800000, 0x0000000100000000)
  region size 1024K, 30 young (30720K), 3 survivors (3072K)
 Metaspace       used 25625K, committed 25920K, reserved 1073152K
  class space    used 3363K, committed 3520K, reserved 1048576K
}
Event: 43.716 GC heap after
{Heap after GC invocations=8 (full 0):
 garbage-first heap   total 51200K, used 15629K [0x00000000c1800000, 0x0000000100000000)
  region size 1024K, 4 young (4096K), 4 survivors (4096K)
 Metaspace       used 25625K, committed 25920K, reserved 1073152K
  class space    used 3363K, committed 3520K, reserved 1048576K
}
Event: 48.373 GC heap before
{Heap before GC invocations=8 (full 0):
 garbage-first heap   total 51200K, used 36109K [0x00000000c1800000, 0x0000000100000000)
  region size 1024K, 24 young (24576K), 4 survivors (4096K)
 Metaspace       used 30118K, committed 30400K, reserved 1081344K
  class space    used 3967K, committed 4096K, reserved 1048576K
}
Event: 48.392 GC heap after
{Heap after GC invocations=9 (full 0):
 garbage-first heap   total 51200K, used 17817K [0x00000000c1800000, 0x0000000100000000)
  region size 1024K, 3 young (3072K), 3 survivors (3072K)
 Metaspace       used 30118K, committed 30400K, reserved 1081344K
  class space    used 3967K, committed 4096K, reserved 1048576K
}
Event: 53.632 GC heap before
{Heap before GC invocations=9 (full 0):
 garbage-first heap   total 51200K, used 38297K [0x00000000c1800000, 0x0000000100000000)
  region size 1024K, 22 young (22528K), 3 survivors (3072K)
 Metaspace       used 32531K, committed 32832K, reserved 1081344K
  class space    used 4255K, committed 4416K, reserved 1048576K
}
Event: 53.647 GC heap after
{Heap after GC invocations=10 (full 0):
 garbage-first heap   total 51200K, used 19193K [0x00000000c1800000, 0x0000000100000000)
  region size 1024K, 2 young (2048K), 2 survivors (2048K)
 Metaspace       used 32531K, committed 32832K, reserved 1081344K
  class space    used 4255K, committed 4416K, reserved 1048576K
}
Event: 55.574 GC heap before
{Heap before GC invocations=10 (full 0):
 garbage-first heap   total 51200K, used 31481K [0x00000000c1800000, 0x0000000100000000)
  region size 1024K, 15 young (15360K), 2 survivors (2048K)
 Metaspace       used 35660K, committed 35968K, reserved 1081344K
  class space    used 4726K, committed 4864K, reserved 1048576K
}
Event: 55.580 GC heap after
{Heap after GC invocations=11 (full 0):
 garbage-first heap   total 51200K, used 20067K [0x00000000c1800000, 0x0000000100000000)
  region size 1024K, 3 young (3072K), 3 survivors (3072K)
 Metaspace       used 35660K, committed 35968K, reserved 1081344K
  class space    used 4726K, committed 4864K, reserved 1048576K
}
Event: 57.481 GC heap before
{Heap before GC invocations=12 (full 0):
 garbage-first heap   total 51200K, used 37475K [0x00000000c1800000, 0x0000000100000000)
  region size 1024K, 21 young (21504K), 3 survivors (3072K)
 Metaspace       used 40464K, committed 40768K, reserved 1089536K
  class space    used 5342K, committed 5504K, reserved 1048576K
}
Event: 57.494 GC heap after
{Heap after GC invocations=13 (full 0):
 garbage-first heap   total 51200K, used 22688K [0x00000000c1800000, 0x0000000100000000)
  region size 1024K, 3 young (3072K), 3 survivors (3072K)
 Metaspace       used 40464K, committed 40768K, reserved 1089536K
  class space    used 5342K, committed 5504K, reserved 1048576K
}
Event: 60.458 GC heap before
{Heap before GC invocations=13 (full 0):
 garbage-first heap   total 51200K, used 39072K [0x00000000c1800000, 0x0000000100000000)
  region size 1024K, 19 young (19456K), 3 survivors (3072K)
 Metaspace       used 42731K, committed 43072K, reserved 1089536K
  class space    used 5633K, committed 5760K, reserved 1048576K
}
Event: 60.469 GC heap after
{Heap after GC invocations=14 (full 0):
 garbage-first heap   total 51200K, used 24514K [0x00000000c1800000, 0x0000000100000000)
  region size 1024K, 2 young (2048K), 2 survivors (2048K)
 Metaspace       used 42731K, committed 43072K, reserved 1089536K
  class space    used 5633K, committed 5760K, reserved 1048576K
}
Event: 62.509 GC heap before
{Heap before GC invocations=14 (full 0):
 garbage-first heap   total 51200K, used 39874K [0x00000000c1800000, 0x0000000100000000)
  region size 1024K, 17 young (17408K), 2 survivors (2048K)
 Metaspace       used 44790K, committed 45120K, reserved 1089536K
  class space    used 5924K, committed 6080K, reserved 1048576K
}
Event: 62.516 GC heap after
{Heap after GC invocations=15 (full 0):
 garbage-first heap   total 51200K, used 26301K [0x00000000c1800000, 0x0000000100000000)
  region size 1024K, 3 young (3072K), 3 survivors (3072K)
 Metaspace       used 44790K, committed 45120K, reserved 1089536K
  class space    used 5924K, committed 6080K, reserved 1048576K
}

