# JRE version: Java(TM) SE Runtime Environment 18.9 (11.0.12+8) (build 11.0.12+8-LTS-237)
# Java VM: Java HotSpot(TM) 64-Bit Server VM 18.9 (11.0.12+8-LTS-237, mixed mode, tiered, compressed oops, g1 gc, windows-amd64)
Heap:
 garbage-first heap   total 65536K, used 42694K [0x00000000c1800000, 0x0000000100000000)
  region size 1024K, 24 young (24576K), 3 survivors (3072K)
 Metaspace       used 51725K, capacity 53199K, committed 53376K, reserved 1095680K
  class space    used 6369K, capacity 7002K, committed 7040K, reserved 1048576K
GC Heap History (10 events):
Event: 23.945 GC heap before
{Heap before GC invocations=13 (full 0):
 garbage-first heap   total 65536K, used 42277K [0x00000000c1800000, 0x0000000100000000)
  region size 1024K, 27 young (27648K), 1 survivors (1024K)
 Metaspace       used 38467K, capacity 39636K, committed 39808K, reserved 1083392K
  class space    used 4464K, capacity 4926K, committed 4992K, reserved 1048576K
}
Event: 23.954 GC heap after
{Heap after GC invocations=14 (full 0):
 garbage-first heap   total 65536K, used 16940K [0x00000000c1800000, 0x0000000100000000)
  region size 1024K, 3 young (3072K), 3 survivors (3072K)
 Metaspace       used 38467K, capacity 39636K, committed 39808K, reserved 1083392K
  class space    used 4464K, capacity 4926K, committed 4992K, reserved 1048576K
}
Event: 26.013 GC heap before
{Heap before GC invocations=14 (full 0):
 garbage-first heap   total 65536K, used 44588K [0x00000000c1800000, 0x0000000100000000)
  region size 1024K, 30 young (30720K), 3 survivors (3072K)
 Metaspace       used 40693K, capacity 41926K, committed 42240K, reserved 1085440K
  class space    used 4788K, capacity 5280K, committed 5376K, reserved 1048576K
}
Event: 26.027 GC heap after
{Heap after GC invocations=15 (full 0):
 garbage-first heap   total 65536K, used 17952K [0x00000000c1800000, 0x0000000100000000)
  region size 1024K, 3 young (3072K), 3 survivors (3072K)
 Metaspace       used 40693K, capacity 41926K, committed 42240K, reserved 1085440K
  class space    used 4788K, capacity 5280K, committed 5376K, reserved 1048576K
}
Event: 32.246 GC heap before
{Heap before GC invocations=15 (full 0):
 garbage-first heap   total 65536K, used 46624K [0x00000000c1800000, 0x0000000100000000)
  region size 1024K, 31 young (31744K), 3 survivors (3072K)
 Metaspace       used 43542K, capacity 44826K, committed 45184K, reserved 1089536K
  class space    used 5138K, capacity 5647K, committed 5760K, reserved 1048576K
}
Event: 32.262 GC heap after
{Heap after GC invocations=16 (full 0):
 garbage-first heap   total 65536K, used 19591K [0x00000000c1800000, 0x0000000100000000)
  region size 1024K, 3 young (3072K), 3 survivors (3072K)
 Metaspace       used 43542K, capacity 44826K, committed 45184K, reserved 1089536K
  class space    used 5138K, capacity 5647K, committed 5760K, reserved 1048576K
}
Event: 35.597 GC heap before
{Heap before GC invocations=16 (full 0):
 garbage-first heap   total 65536K, used 47239K [0x00000000c1800000, 0x0000000100000000)
  region size 1024K, 30 young (30720K), 3 survivors (3072K)
 Metaspace       used 46522K, capacity 47794K, committed 47872K, reserved 1091584K
  class space    used 5577K, capacity 6115K, committed 6144K, reserved 1048576K
}
Event: 35.606 GC heap after
{Heap after GC invocations=17 (full 0):
 garbage-first heap   total 65536K, used 20573K [0x00000000c1800000, 0x0000000100000000)
  region size 1024K, 3 young (3072K), 3 survivors (3072K)
 Metaspace       used 46522K, capacity 47794K, committed 47872K, reserved 1091584K
  class space    used 5577K, capacity 6115K, committed 6144K, reserved 1048576K
}
Event: 37.936 GC heap before
{Heap before GC invocations=17 (full 0):
 garbage-first heap   total 65536K, used 48221K [0x00000000c1800000, 0x0000000100000000)
  region size 1024K, 30 young (30720K), 3 survivors (3072K)
 Metaspace       used 49258K, capacity 50632K, committed 50944K, reserved 1093632K
  class space    used 6038K, capacity 6595K, committed 6656K, reserved 1048576K
}
Event: 37.945 GC heap after
{Heap after GC invocations=18 (full 0):
 garbage-first heap   total 65536K, used 22214K [0x00000000c1800000, 0x0000000100000000)
  region size 1024K, 3 young (3072K), 3 survivors (3072K)
 Metaspace       used 49258K, capacity 50632K, committed 50944K, reserved 1093632K
  class space    used 6038K, capacity 6595K, committed 6656K, reserved 1048576K
}

