# JRE version: Java(TM) SE Runtime Environment 18.9 (11.0.12+8) (build 11.0.12+8-LTS-237)
# Java VM: Java HotSpot(TM) 64-Bit Server VM 18.9 (11.0.12+8-LTS-237, mixed mode, tiered, compressed oops, g1 gc, windows-amd64)
Heap:
 garbage-first heap   total 78848K, used 48845K [0x00000000c1800000, 0x0000000100000000)
  region size 1024K, 33 young (33792K), 6 survivors (6144K)
 Metaspace       used 54719K, capacity 56347K, committed 56448K, reserved 1097728K
  class space    used 6840K, capacity 7500K, committed 7552K, reserved 1048576K
GC Heap History (10 events):
Event: 15.275 GC heap before
{Heap before GC invocations=9 (full 0):
 garbage-first heap   total 65536K, used 13771K [0x00000000c1800000, 0x0000000100000000)
  region size 1024K, 5 young (5120K), 4 survivors (4096K)
 Metaspace       used 34968K, capacity 35725K, committed 35840K, reserved 1081344K
  class space    used 4214K, capacity 4548K, committed 4608K, reserved 1048576K
}
Event: 15.292 GC heap after
{Heap after GC invocations=10 (full 0):
 garbage-first heap   total 65536K, used 13744K [0x00000000c1800000, 0x0000000100000000)
  region size 1024K, 3 young (3072K), 3 survivors (3072K)
 Metaspace       used 34968K, capacity 35725K, committed 35840K, reserved 1081344K
  class space    used 4214K, capacity 4548K, committed 4608K, reserved 1048576K
}
Event: 20.437 GC heap before
{Heap before GC invocations=11 (full 0):
 garbage-first heap   total 65536K, used 44464K [0x00000000c1800000, 0x0000000100000000)
  region size 1024K, 33 young (33792K), 3 survivors (3072K)
 Metaspace       used 39218K, capacity 40264K, committed 40320K, reserved 1085440K
  class space    used 4791K, capacity 5205K, committed 5248K, reserved 1048576K
}
Event: 20.453 GC heap after
{Heap after GC invocations=12 (full 0):
 garbage-first heap   total 78848K, used 15673K [0x00000000c1800000, 0x0000000100000000)
  region size 1024K, 5 young (5120K), 5 survivors (5120K)
 Metaspace       used 39218K, capacity 40264K, committed 40320K, reserved 1085440K
  class space    used 4791K, capacity 5205K, committed 5248K, reserved 1048576K
}
Event: 23.882 GC heap before
{Heap before GC invocations=12 (full 0):
 garbage-first heap   total 78848K, used 56633K [0x00000000c1800000, 0x0000000100000000)
  region size 1024K, 41 young (41984K), 5 survivors (5120K)
 Metaspace       used 41957K, capacity 43040K, committed 43264K, reserved 1087488K
  class space    used 5105K, capacity 5532K, committed 5632K, reserved 1048576K
}
Event: 23.896 GC heap after
{Heap after GC invocations=13 (full 0):
 garbage-first heap   total 78848K, used 16721K [0x00000000c1800000, 0x0000000100000000)
  region size 1024K, 4 young (4096K), 4 survivors (4096K)
 Metaspace       used 41957K, capacity 43040K, committed 43264K, reserved 1087488K
  class space    used 5105K, capacity 5532K, committed 5632K, reserved 1048576K
}
Event: 31.214 GC heap before
{Heap before GC invocations=13 (full 0):
 garbage-first heap   total 78848K, used 54609K [0x00000000c1800000, 0x0000000100000000)
  region size 1024K, 41 young (41984K), 4 survivors (4096K)
 Metaspace       used 48019K, capacity 49264K, committed 49536K, reserved 1091584K
  class space    used 5914K, capacity 6431K, committed 6528K, reserved 1048576K
}
Event: 31.236 GC heap after
{Heap after GC invocations=14 (full 0):
 garbage-first heap   total 78848K, used 19215K [0x00000000c1800000, 0x0000000100000000)
  region size 1024K, 6 young (6144K), 6 survivors (6144K)
 Metaspace       used 48019K, capacity 49264K, committed 49536K, reserved 1091584K
  class space    used 5914K, capacity 6431K, committed 6528K, reserved 1048576K
}
Event: 34.070 GC heap before
{Heap before GC invocations=14 (full 0):
 garbage-first heap   total 78848K, used 58127K [0x00000000c1800000, 0x0000000100000000)
  region size 1024K, 44 young (45056K), 6 survivors (6144K)
 Metaspace       used 52050K, capacity 53632K, committed 53760K, reserved 1095680K
  class space    used 6488K, capacity 7117K, committed 7168K, reserved 1048576K
}
Event: 34.093 GC heap after
{Heap after GC invocations=15 (full 0):
 garbage-first heap   total 78848K, used 22221K [0x00000000c1800000, 0x0000000100000000)
  region size 1024K, 6 young (6144K), 6 survivors (6144K)
 Metaspace       used 52050K, capacity 53632K, committed 53760K, reserved 1095680K
  class space    used 6488K, capacity 7117K, committed 7168K, reserved 1048576K
}

