# JRE version: Java(TM) SE Runtime Environment 18.9 (11.0.12+8) (build 11.0.12+8-LTS-237)
# Java VM: Java HotSpot(TM) 64-Bit Server VM 18.9 (11.0.12+8-LTS-237, mixed mode, tiered, compressed oops, g1 gc, windows-amd64)
Heap:
 garbage-first heap   total 65536K, used 35558K [0x00000000c1800000, 0x0000000100000000)
  region size 1024K, 16 young (16384K), 2 survivors (2048K)
 Metaspace       used 54596K, capacity 56006K, committed 56140K, reserved 1097728K
  class space    used 6627K, capacity 7199K, committed 7244K, reserved 1048576K
GC Heap History (10 events):
Event: 21.065 GC heap before
{Heap before GC invocations=10 (full 0):
 garbage-first heap   total 65536K, used 45320K [0x00000000c1800000, 0x0000000100000000)
  region size 1024K, 33 young (33792K), 3 survivors (3072K)
 Metaspace       used 42528K, capacity 43604K, committed 43980K, reserved 1087488K
  class space    used 5013K, capacity 5451K, committed 5580K, reserved 1048576K
}
Event: 21.073 GC heap after
{Heap after GC invocations=11 (full 0):
 garbage-first heap   total 65536K, used 16604K [0x00000000c1800000, 0x0000000100000000)
  region size 1024K, 5 young (5120K), 5 survivors (5120K)
 Metaspace       used 42528K, capacity 43604K, committed 43980K, reserved 1087488K
  class space    used 5013K, capacity 5451K, committed 5580K, reserved 1048576K
}
Event: 22.161 GC heap before
{Heap before GC invocations=11 (full 0):
 garbage-first heap   total 65536K, used 47324K [0x00000000c1800000, 0x0000000100000000)
  region size 1024K, 35 young (35840K), 5 survivors (5120K)
 Metaspace       used 45771K, capacity 47034K, committed 47308K, reserved 1091584K
  class space    used 5545K, capacity 6040K, committed 6092K, reserved 1048576K
}
Event: 22.171 GC heap after
{Heap after GC invocations=12 (full 0):
 garbage-first heap   total 65536K, used 18382K [0x00000000c1800000, 0x0000000100000000)
  region size 1024K, 5 young (5120K), 5 survivors (5120K)
 Metaspace       used 45771K, capacity 47034K, committed 47308K, reserved 1091584K
  class space    used 5545K, capacity 6040K, committed 6092K, reserved 1048576K
}
Event: 24.560 GC heap before
{Heap before GC invocations=12 (full 0):
 garbage-first heap   total 65536K, used 48078K [0x00000000c1800000, 0x0000000100000000)
  region size 1024K, 34 young (34816K), 5 survivors (5120K)
 Metaspace       used 49843K, capacity 51225K, committed 51532K, reserved 1093632K
  class space    used 6117K, capacity 6665K, committed 6732K, reserved 1048576K
}
Event: 24.573 GC heap after
{Heap after GC invocations=13 (full 0):
 garbage-first heap   total 65536K, used 21308K [0x00000000c1800000, 0x0000000100000000)
  region size 1024K, 5 young (5120K), 5 survivors (5120K)
 Metaspace       used 49843K, capacity 51225K, committed 51532K, reserved 1093632K
  class space    used 6117K, capacity 6665K, committed 6732K, reserved 1048576K
}
Event: 104.109 GC heap before
{Heap before GC invocations=13 (full 0):
 garbage-first heap   total 65536K, used 49980K [0x00000000c1800000, 0x0000000100000000)
  region size 1024K, 33 young (33792K), 5 survivors (5120K)
 Metaspace       used 53759K, capacity 55209K, committed 55372K, reserved 1097728K
  class space    used 6623K, capacity 7194K, committed 7244K, reserved 1048576K
}
Event: 104.201 GC heap after
{Heap after GC invocations=14 (full 0):
 garbage-first heap   total 65536K, used 22688K [0x00000000c1800000, 0x0000000100000000)
  region size 1024K, 2 young (2048K), 2 survivors (2048K)
 Metaspace       used 53759K, capacity 55209K, committed 55372K, reserved 1097728K
  class space    used 6623K, capacity 7194K, committed 7244K, reserved 1048576K
}
Event: 410.456 GC heap before
{Heap before GC invocations=14 (full 0):
 garbage-first heap   total 65536K, used 49312K [0x00000000c1800000, 0x0000000100000000)
  region size 1024K, 29 young (29696K), 2 survivors (2048K)
 Metaspace       used 54423K, capacity 55877K, committed 56140K, reserved 1097728K
  class space    used 6627K, capacity 7199K, committed 7244K, reserved 1048576K
}
Event: 410.495 GC heap after
{Heap after GC invocations=15 (full 0):
 garbage-first heap   total 65536K, used 22246K [0x00000000c1800000, 0x0000000100000000)
  region size 1024K, 2 young (2048K), 2 survivors (2048K)
 Metaspace       used 54423K, capacity 55877K, committed 56140K, reserved 1097728K
  class space    used 6627K, capacity 7199K, committed 7244K, reserved 1048576K
}

