# JRE version: Java(TM) SE Runtime Environment 18.9 (11.0.12+8) (build 11.0.12+8-LTS-237)
# Java VM: Java HotSpot(TM) 64-Bit Server VM 18.9 (11.0.12+8-LTS-237, mixed mode, tiered, compressed oops, g1 gc, windows-amd64)
Heap:
 garbage-first heap   total 95232K, used 30272K [0x00000000c1800000, 0x0000000100000000)
  region size 1024K, 6 young (6144K), 2 survivors (2048K)
 Metaspace       used 61475K, capacity 63113K, committed 63872K, reserved 1103872K
  class space    used 7653K, capacity 8297K, committed 8576K, reserved 1048576K
GC Heap History (10 events):
Event: 10.979 GC heap before
{Heap before GC invocations=11 (full 0):
 garbage-first heap   total 78848K, used 55875K [0x00000000c1800000, 0x0000000100000000)
  region size 1024K, 42 young (43008K), 4 survivors (4096K)
 Metaspace       used 48391K, capacity 49695K, committed 49792K, reserved 1093632K
  class space    used 5971K, capacity 6485K, committed 6528K, reserved 1048576K
}
Event: 10.994 GC heap after
{Heap after GC invocations=12 (full 0):
 garbage-first heap   total 78848K, used 19552K [0x00000000c1800000, 0x0000000100000000)
  region size 1024K, 4 young (4096K), 4 survivors (4096K)
 Metaspace       used 48391K, capacity 49695K, committed 49792K, reserved 1093632K
  class space    used 5971K, capacity 6485K, committed 6528K, reserved 1048576K
}
Event: 12.430 GC heap before
{Heap before GC invocations=12 (full 0):
 garbage-first heap   total 78848K, used 58464K [0x00000000c1800000, 0x0000000100000000)
  region size 1024K, 42 young (43008K), 4 survivors (4096K)
 Metaspace       used 52428K, capacity 53943K, committed 54016K, reserved 1095680K
  class space    used 6545K, capacity 7154K, committed 7168K, reserved 1048576K
}
Event: 12.440 GC heap after
{Heap after GC invocations=13 (full 0):
 garbage-first heap   total 78848K, used 22438K [0x00000000c1800000, 0x0000000100000000)
  region size 1024K, 6 young (6144K), 6 survivors (6144K)
 Metaspace       used 52428K, capacity 53943K, committed 54016K, reserved 1095680K
  class space    used 6545K, capacity 7154K, committed 7168K, reserved 1048576K
}
Event: 14.735 GC heap before
{Heap before GC invocations=13 (full 0):
 garbage-first heap   total 78848K, used 60326K [0x00000000c1800000, 0x0000000100000000)
  region size 1024K, 43 young (44032K), 6 survivors (6144K)
 Metaspace       used 57634K, capacity 59373K, committed 59520K, reserved 1101824K
  class space    used 7270K, capacity 7976K, committed 8064K, reserved 1048576K
}
Event: 14.752 GC heap after
{Heap after GC invocations=14 (full 0):
 garbage-first heap   total 78848K, used 25782K [0x00000000c1800000, 0x0000000100000000)
  region size 1024K, 6 young (6144K), 6 survivors (6144K)
 Metaspace       used 57634K, capacity 59373K, committed 59520K, reserved 1101824K
  class space    used 7270K, capacity 7976K, committed 8064K, reserved 1048576K
}
Event: 14.896 GC heap before
{Heap before GC invocations=14 (full 0):
 garbage-first heap   total 78848K, used 29878K [0x00000000c1800000, 0x0000000100000000)
  region size 1024K, 11 young (11264K), 6 survivors (6144K)
 Metaspace       used 58309K, capacity 60005K, committed 60160K, reserved 1101824K
  class space    used 7372K, capacity 8080K, committed 8192K, reserved 1048576K
}
Event: 14.920 GC heap after
{Heap after GC invocations=15 (full 0):
 garbage-first heap   total 78848K, used 26563K [0x00000000c1800000, 0x0000000100000000)
  region size 1024K, 1 young (1024K), 1 survivors (1024K)
 Metaspace       used 58309K, capacity 60005K, committed 60160K, reserved 1101824K
  class space    used 7372K, capacity 8080K, committed 8192K, reserved 1048576K
}
Event: 1001.522 GC heap before
{Heap before GC invocations=16 (full 0):
 garbage-first heap   total 78848K, used 48067K [0x00000000c1800000, 0x0000000100000000)
  region size 1024K, 23 young (23552K), 1 survivors (1024K)
 Metaspace       used 61714K, capacity 63455K, committed 63616K, reserved 1103872K
  class space    used 7733K, capacity 8451K, committed 8576K, reserved 1048576K
}
Event: 1001.672 GC heap after
{Heap after GC invocations=17 (full 0):
 garbage-first heap   total 95232K, used 27200K [0x00000000c1800000, 0x0000000100000000)
  region size 1024K, 2 young (2048K), 2 survivors (2048K)
 Metaspace       used 61714K, capacity 63455K, committed 63616K, reserved 1103872K
  class space    used 7733K, capacity 8451K, committed 8576K, reserved 1048576K
}

