# JRE version: Java(TM) SE Runtime Environment 18.9 (11.0.12+8) (build 11.0.12+8-LTS-237)
# Java VM: Java HotSpot(TM) 64-Bit Server VM 18.9 (11.0.12+8-LTS-237, mixed mode, tiered, compressed oops, g1 gc, windows-amd64)
Heap:
 garbage-first heap   total 95232K, used 44200K [0x00000000c1800000, 0x0000000100000000)
  region size 1024K, 19 young (19456K), 3 survivors (3072K)
 Metaspace       used 63532K, capacity 65224K, committed 65536K, reserved 1105920K
  class space    used 7692K, capacity 8361K, committed 8448K, reserved 1048576K
GC Heap History (10 events):
Event: 13.637 GC heap before
{Heap before GC invocations=13 (full 0):
 garbage-first heap   total 78848K, used 59714K [0x00000000c1800000, 0x0000000100000000)
  region size 1024K, 44 young (45056K), 3 survivors (3072K)
 Metaspace       used 45409K, capacity 46682K, committed 46976K, reserved 1089536K
  class space    used 5421K, capacity 5942K, committed 6016K, reserved 1048576K
}
Event: 13.650 GC heap after
{Heap after GC invocations=14 (full 0):
 garbage-first heap   total 95232K, used 19361K [0x00000000c1800000, 0x0000000100000000)
  region size 1024K, 5 young (5120K), 5 survivors (5120K)
 Metaspace       used 45409K, capacity 46682K, committed 46976K, reserved 1089536K
  class space    used 5421K, capacity 5942K, committed 6016K, reserved 1048576K
}
Event: 15.438 GC heap before
{Heap before GC invocations=14 (full 0):
 garbage-first heap   total 95232K, used 67489K [0x00000000c1800000, 0x0000000100000000)
  region size 1024K, 52 young (53248K), 5 survivors (5120K)
 Metaspace       used 49839K, capacity 51323K, committed 51584K, reserved 1093632K
  class space    used 6134K, capacity 6760K, committed 6784K, reserved 1048576K
}
Event: 15.449 GC heap after
{Heap after GC invocations=15 (full 0):
 garbage-first heap   total 95232K, used 22288K [0x00000000c1800000, 0x0000000100000000)
  region size 1024K, 7 young (7168K), 7 survivors (7168K)
 Metaspace       used 49839K, capacity 51323K, committed 51584K, reserved 1093632K
  class space    used 6134K, capacity 6760K, committed 6784K, reserved 1048576K
}
Event: 17.186 GC heap before
{Heap before GC invocations=15 (full 0):
 garbage-first heap   total 95232K, used 70416K [0x00000000c1800000, 0x0000000100000000)
  region size 1024K, 54 young (55296K), 7 survivors (7168K)
 Metaspace       used 56528K, capacity 58124K, committed 58368K, reserved 1099776K
  class space    used 6988K, capacity 7633K, committed 7680K, reserved 1048576K
}
Event: 17.204 GC heap after
{Heap after GC invocations=16 (full 0):
 garbage-first heap   total 95232K, used 26458K [0x00000000c1800000, 0x0000000100000000)
  region size 1024K, 7 young (7168K), 7 survivors (7168K)
 Metaspace       used 56528K, capacity 58124K, committed 58368K, reserved 1099776K
  class space    used 6988K, capacity 7633K, committed 7680K, reserved 1048576K
}
Event: 98.577 GC heap before
{Heap before GC invocations=16 (full 0):
 garbage-first heap   total 95232K, used 46938K [0x00000000c1800000, 0x0000000100000000)
  region size 1024K, 28 young (28672K), 7 survivors (7168K)
 Metaspace       used 58478K, capacity 60094K, committed 60160K, reserved 1101824K
  class space    used 7217K, capacity 7887K, committed 7936K, reserved 1048576K
}
Event: 98.742 GC heap after
{Heap after GC invocations=17 (full 0):
 garbage-first heap   total 95232K, used 27653K [0x00000000c1800000, 0x0000000100000000)
  region size 1024K, 2 young (2048K), 2 survivors (2048K)
 Metaspace       used 58478K, capacity 60094K, committed 60160K, reserved 1101824K
  class space    used 7217K, capacity 7887K, committed 7936K, reserved 1048576K
}
Event: 639.700 GC heap before
{Heap before GC invocations=18 (full 0):
 garbage-first heap   total 95232K, used 66565K [0x00000000c1800000, 0x0000000100000000)
  region size 1024K, 41 young (41984K), 2 survivors (2048K)
 Metaspace       used 63069K, capacity 64770K, committed 65024K, reserved 1105920K
  class space    used 7692K, capacity 8361K, committed 8448K, reserved 1048576K
}
Event: 639.844 GC heap after
{Heap after GC invocations=19 (full 0):
 garbage-first heap   total 95232K, used 28840K [0x00000000c1800000, 0x0000000100000000)
  region size 1024K, 3 young (3072K), 3 survivors (3072K)
 Metaspace       used 63069K, capacity 64770K, committed 65024K, reserved 1105920K
  class space    used 7692K, capacity 8361K, committed 8448K, reserved 1048576K
}

