# JRE version: Java(TM) SE Runtime Environment 18.9 (11.0.12+8) (build 11.0.12+8-LTS-237)
# Java VM: Java HotSpot(TM) 64-Bit Server VM 18.9 (11.0.12+8-LTS-237, mixed mode, tiered, compressed oops, g1 gc, windows-amd64)
Heap:
 garbage-first heap   total 78848K, used 41140K [0x00000000c1800000, 0x0000000100000000)
  region size 1024K, 30 young (30720K), 5 survivors (5120K)
 Metaspace       used 53032K, capacity 54497K, committed 54528K, reserved 1097728K
  class space    used 6532K, capacity 7137K, committed 7168K, reserved 1048576K
GC Heap History (10 events):
Event: 6.838 GC heap before
{Heap before GC invocations=7 (full 0):
 garbage-first heap   total 65536K, used 42174K [0x00000000c1800000, 0x0000000100000000)
  region size 1024K, 36 young (36864K), 4 survivors (4096K)
 Metaspace       used 31644K, capacity 32436K, committed 32512K, reserved 1077248K
  class space    used 3722K, capacity 4021K, committed 4096K, reserved 1048576K
}
Event: 6.845 GC heap after
{Heap after GC invocations=8 (full 0):
 garbage-first heap   total 65536K, used 11399K [0x00000000c1800000, 0x0000000100000000)
  region size 1024K, 4 young (4096K), 4 survivors (4096K)
 Metaspace       used 31644K, capacity 32436K, committed 32512K, reserved 1077248K
  class space    used 3722K, capacity 4021K, committed 4096K, reserved 1048576K
}
Event: 7.383 GC heap before
{Heap before GC invocations=8 (full 0):
 garbage-first heap   total 65536K, used 32903K [0x00000000c1800000, 0x0000000100000000)
  region size 1024K, 26 young (26624K), 4 survivors (4096K)
 Metaspace       used 34869K, capacity 35760K, committed 35840K, reserved 1081344K
  class space    used 4173K, capacity 4551K, committed 4608K, reserved 1048576K
}
Event: 7.400 GC heap after
{Heap after GC invocations=9 (full 0):
 garbage-first heap   total 65536K, used 12725K [0x00000000c1800000, 0x0000000100000000)
  region size 1024K, 3 young (3072K), 3 survivors (3072K)
 Metaspace       used 34869K, capacity 35760K, committed 35840K, reserved 1081344K
  class space    used 4173K, capacity 4551K, committed 4608K, reserved 1048576K
}
Event: 8.662 GC heap before
{Heap before GC invocations=10 (full 0):
 garbage-first heap   total 65536K, used 48565K [0x00000000c1800000, 0x0000000100000000)
  region size 1024K, 35 young (35840K), 3 survivors (3072K)
 Metaspace       used 38148K, capacity 39112K, committed 39296K, reserved 1083392K
  class space    used 4541K, capacity 4916K, committed 4992K, reserved 1048576K
}
Event: 8.675 GC heap after
{Heap after GC invocations=11 (full 0):
 garbage-first heap   total 78848K, used 14157K [0x00000000c1800000, 0x0000000100000000)
  region size 1024K, 3 young (3072K), 3 survivors (3072K)
 Metaspace       used 38148K, capacity 39112K, committed 39296K, reserved 1083392K
  class space    used 4541K, capacity 4916K, committed 4992K, reserved 1048576K
}
Event: 10.431 GC heap before
{Heap before GC invocations=11 (full 0):
 garbage-first heap   total 78848K, used 52045K [0x00000000c1800000, 0x0000000100000000)
  region size 1024K, 40 young (40960K), 3 survivors (3072K)
 Metaspace       used 43354K, capacity 44437K, committed 44672K, reserved 1087488K
  class space    used 5235K, capacity 5649K, committed 5760K, reserved 1048576K
}
Event: 10.438 GC heap after
{Heap after GC invocations=12 (full 0):
 garbage-first heap   total 78848K, used 15720K [0x00000000c1800000, 0x0000000100000000)
  region size 1024K, 5 young (5120K), 5 survivors (5120K)
 Metaspace       used 43354K, capacity 44437K, committed 44672K, reserved 1087488K
  class space    used 5235K, capacity 5649K, committed 5760K, reserved 1048576K
}
Event: 958.757 GC heap before
{Heap before GC invocations=12 (full 0):
 garbage-first heap   total 78848K, used 54632K [0x00000000c1800000, 0x0000000100000000)
  region size 1024K, 43 young (44032K), 5 survivors (5120K)
 Metaspace       used 48247K, capacity 49591K, committed 49792K, reserved 1093632K
  class space    used 5871K, capacity 6410K, committed 6528K, reserved 1048576K
}
Event: 958.886 GC heap after
{Heap after GC invocations=13 (full 0):
 garbage-first heap   total 78848K, used 17588K [0x00000000c1800000, 0x0000000100000000)
  region size 1024K, 5 young (5120K), 5 survivors (5120K)
 Metaspace       used 48247K, capacity 49591K, committed 49792K, reserved 1093632K
  class space    used 5871K, capacity 6410K, committed 6528K, reserved 1048576K
}

