# JRE version: Java(TM) SE Runtime Environment 18.9 (11.0.12+8) (build 11.0.12+8-LTS-237)
# Java VM: Java HotSpot(TM) 64-Bit Server VM 18.9 (11.0.12+8-LTS-237, mixed mode, tiered, compressed oops, g1 gc, windows-amd64)
Heap:
 garbage-first heap   total 78848K, used 46653K [0x00000000c1800000, 0x0000000100000000)
  region size 1024K, 16 young (16384K), 3 survivors (3072K)
 Metaspace       used 75505K, capacity 77735K, committed 77848K, reserved 1116160K
  class space    used 9381K, capacity 10296K, committed 10368K, reserved 1048576K
GC Heap History (10 events):
Event: 45.518 GC heap before
{Heap before GC invocations=21 (full 0):
 garbage-first heap   total 78848K, used 58384K [0x00000000c1800000, 0x0000000100000000)
  region size 1024K, 33 young (33792K), 4 survivors (4096K)
 Metaspace       used 65066K, capacity 66911K, committed 66968K, reserved 1107968K
  class space    used 8184K, capacity 8913K, committed 8960K, reserved 1048576K
}
Event: 45.535 GC heap after
{Heap after GC invocations=22 (full 0):
 garbage-first heap   total 78848K, used 31035K [0x00000000c1800000, 0x0000000100000000)
  region size 1024K, 4 young (4096K), 4 survivors (4096K)
 Metaspace       used 65066K, capacity 66911K, committed 66968K, reserved 1107968K
  class space    used 8184K, capacity 8913K, committed 8960K, reserved 1048576K
}
Event: 49.571 GC heap before
{Heap before GC invocations=22 (full 0):
 garbage-first heap   total 78848K, used 59707K [0x00000000c1800000, 0x0000000100000000)
  region size 1024K, 32 young (32768K), 4 survivors (4096K)
 Metaspace       used 69324K, capacity 71236K, committed 71448K, reserved 1112064K
  class space    used 8753K, capacity 9521K, committed 9600K, reserved 1048576K
}
Event: 49.592 GC heap after
{Heap after GC invocations=23 (full 0):
 garbage-first heap   total 78848K, used 32100K [0x00000000c1800000, 0x0000000100000000)
  region size 1024K, 2 young (2048K), 2 survivors (2048K)
 Metaspace       used 69324K, capacity 71236K, committed 71448K, reserved 1112064K
  class space    used 8753K, capacity 9521K, committed 9600K, reserved 1048576K
}
Event: 208.684 GC heap before
{Heap before GC invocations=23 (full 0):
 garbage-first heap   total 78848K, used 59748K [0x00000000c1800000, 0x0000000100000000)
  region size 1024K, 30 young (30720K), 2 survivors (2048K)
 Metaspace       used 72937K, capacity 74953K, committed 75160K, reserved 1114112K
  class space    used 9175K, capacity 9972K, committed 9984K, reserved 1048576K
}
Event: 208.731 GC heap after
{Heap after GC invocations=24 (full 0):
 garbage-first heap   total 78848K, used 33030K [0x00000000c1800000, 0x0000000100000000)
  region size 1024K, 3 young (3072K), 3 survivors (3072K)
 Metaspace       used 72937K, capacity 74953K, committed 75160K, reserved 1114112K
  class space    used 9175K, capacity 9972K, committed 9984K, reserved 1048576K
}
Event: 1162.235 GC heap before
{Heap before GC invocations=24 (full 0):
 garbage-first heap   total 78848K, used 61702K [0x00000000c1800000, 0x0000000100000000)
  region size 1024K, 31 young (31744K), 3 survivors (3072K)
 Metaspace       used 74839K, capacity 77035K, committed 77336K, reserved 1116160K
  class space    used 9368K, capacity 10259K, committed 10368K, reserved 1048576K
}
Event: 1162.369 GC heap after
{Heap after GC invocations=25 (full 0):
 garbage-first heap   total 78848K, used 34072K [0x00000000c1800000, 0x0000000100000000)
  region size 1024K, 3 young (3072K), 3 survivors (3072K)
 Metaspace       used 74839K, capacity 77035K, committed 77336K, reserved 1116160K
  class space    used 9368K, capacity 10259K, committed 10368K, reserved 1048576K
}
Event: 2754.495 GC heap before
{Heap before GC invocations=25 (full 0):
 garbage-first heap   total 78848K, used 62744K [0x00000000c1800000, 0x0000000100000000)
  region size 1024K, 31 young (31744K), 3 survivors (3072K)
 Metaspace       used 75326K, capacity 77500K, committed 77848K, reserved 1116160K
  class space    used 9369K, capacity 10261K, committed 10368K, reserved 1048576K
}
Event: 2754.592 GC heap after
{Heap after GC invocations=26 (full 0):
 garbage-first heap   total 78848K, used 34365K [0x00000000c1800000, 0x0000000100000000)
  region size 1024K, 3 young (3072K), 3 survivors (3072K)
 Metaspace       used 75326K, capacity 77500K, committed 77848K, reserved 1116160K
  class space    used 9369K, capacity 10261K, committed 10368K, reserved 1048576K
}

