# JRE version: Java(TM) SE Runtime Environment 18.9 (11.0.12+8) (build 11.0.12+8-LTS-237)
# Java VM: Java HotSpot(TM) 64-Bit Server VM 18.9 (11.0.12+8-LTS-237, mixed mode, tiered, compressed oops, g1 gc, windows-amd64)
Heap:
 garbage-first heap   total 95232K, used 56074K [0x00000000c1800000, 0x0000000100000000)
  region size 1024K, 30 young (30720K), 3 survivors (3072K)
 Metaspace       used 66472K, capacity 68311K, committed 68480K, reserved 1107968K
  class space    used 8223K, capacity 8967K, committed 9088K, reserved 1048576K
GC Heap History (10 events):
Event: 14.459 GC heap before
{Heap before GC invocations=14 (full 0):
 garbage-first heap   total 78848K, used 58536K [0x00000000c1800000, 0x0000000100000000)
  region size 1024K, 43 young (44032K), 6 survivors (6144K)
 Metaspace       used 53767K, capacity 55286K, committed 55552K, reserved 1097728K
  class space    used 6717K, capacity 7336K, committed 7424K, reserved 1048576K
}
Event: 14.480 GC heap after
{Heap after GC invocations=15 (full 0):
 garbage-first heap   total 78848K, used 23762K [0x00000000c1800000, 0x0000000100000000)
  region size 1024K, 6 young (6144K), 6 survivors (6144K)
 Metaspace       used 53767K, capacity 55286K, committed 55552K, reserved 1097728K
  class space    used 6717K, capacity 7336K, committed 7424K, reserved 1048576K
}
Event: 15.866 GC heap before
{Heap before GC invocations=15 (full 0):
 garbage-first heap   total 78848K, used 55506K [0x00000000c1800000, 0x0000000100000000)
  region size 1024K, 38 young (38912K), 6 survivors (6144K)
 Metaspace       used 58268K, capacity 59974K, committed 60160K, reserved 1101824K
  class space    used 7378K, capacity 8069K, committed 8192K, reserved 1048576K
}
Event: 15.883 GC heap after
{Heap after GC invocations=16 (full 0):
 garbage-first heap   total 78848K, used 27092K [0x00000000c1800000, 0x0000000100000000)
  region size 1024K, 3 young (3072K), 3 survivors (3072K)
 Metaspace       used 58268K, capacity 59974K, committed 60160K, reserved 1101824K
  class space    used 7378K, capacity 8069K, committed 8192K, reserved 1048576K
}
Event: 209.485 GC heap before
{Heap before GC invocations=17 (full 0):
 garbage-first heap   total 78848K, used 59860K [0x00000000c1800000, 0x0000000100000000)
  region size 1024K, 35 young (35840K), 3 survivors (3072K)
 Metaspace       used 63749K, capacity 65515K, committed 65664K, reserved 1105920K
  class space    used 8042K, capacity 8758K, committed 8832K, reserved 1048576K
}
Event: 209.621 GC heap after
{Heap after GC invocations=18 (full 0):
 garbage-first heap   total 95232K, used 29171K [0x00000000c1800000, 0x0000000100000000)
  region size 1024K, 2 young (2048K), 2 survivors (2048K)
 Metaspace       used 63749K, capacity 65515K, committed 65664K, reserved 1105920K
  class space    used 8042K, capacity 8758K, committed 8832K, reserved 1048576K
}
Event: 891.505 GC heap before
{Heap before GC invocations=19 (full 0):
 garbage-first heap   total 95232K, used 68083K [0x00000000c1800000, 0x0000000100000000)
  region size 1024K, 40 young (40960K), 2 survivors (2048K)
 Metaspace       used 65940K, capacity 67792K, committed 67968K, reserved 1107968K
  class space    used 8222K, capacity 8966K, committed 9088K, reserved 1048576K
}
Event: 891.634 GC heap after
{Heap after GC invocations=20 (full 0):
 garbage-first heap   total 95232K, used 29099K [0x00000000c1800000, 0x0000000100000000)
  region size 1024K, 2 young (2048K), 2 survivors (2048K)
 Metaspace       used 65940K, capacity 67792K, committed 67968K, reserved 1107968K
  class space    used 8222K, capacity 8966K, committed 9088K, reserved 1048576K
}
Event: 1410.837 GC heap before
{Heap before GC invocations=20 (full 0):
 garbage-first heap   total 95232K, used 68011K [0x00000000c1800000, 0x0000000100000000)
  region size 1024K, 40 young (40960K), 2 survivors (2048K)
 Metaspace       used 66330K, capacity 68181K, committed 68480K, reserved 1107968K
  class space    used 8223K, capacity 8967K, committed 9088K, reserved 1048576K
}
Event: 1410.975 GC heap after
{Heap after GC invocations=21 (full 0):
 garbage-first heap   total 95232K, used 29450K [0x00000000c1800000, 0x0000000100000000)
  region size 1024K, 3 young (3072K), 3 survivors (3072K)
 Metaspace       used 66330K, capacity 68181K, committed 68480K, reserved 1107968K
  class space    used 8223K, capacity 8967K, committed 9088K, reserved 1048576K
}

