# JRE version: Java(TM) SE Runtime Environment 18.9 (11.0.12+8) (build 11.0.12+8-LTS-237)
# Java VM: Java HotSpot(TM) 64-Bit Server VM 18.9 (11.0.12+8-LTS-237, mixed mode, tiered, compressed oops, g1 gc, windows-amd64)
Heap:
 garbage-first heap   total 95232K, used 32321K [0x00000000c1800000, 0x0000000100000000)
  region size 1024K, 7 young (7168K), 3 survivors (3072K)
 Metaspace       used 62966K, capacity 64709K, committed 65024K, reserved 1105920K
  class space    used 7682K, capacity 8359K, committed 8448K, reserved 1048576K
GC Heap History (10 events):
Event: 11.652 GC heap before
{Heap before GC invocations=14 (full 0):
 garbage-first heap   total 78848K, used 60186K [0x00000000c1800000, 0x0000000100000000)
  region size 1024K, 45 young (46080K), 4 survivors (4096K)
 Metaspace       used 45551K, capacity 46880K, committed 46976K, reserved 1089536K
  class space    used 5447K, capacity 5981K, committed 6016K, reserved 1048576K
}
Event: 11.667 GC heap after
{Heap after GC invocations=15 (full 0):
 garbage-first heap   total 95232K, used 19988K [0x00000000c1800000, 0x0000000100000000)
  region size 1024K, 4 young (4096K), 4 survivors (4096K)
 Metaspace       used 45551K, capacity 46880K, committed 46976K, reserved 1089536K
  class space    used 5447K, capacity 5981K, committed 6016K, reserved 1048576K
}
Event: 13.189 GC heap before
{Heap before GC invocations=15 (full 0):
 garbage-first heap   total 95232K, used 68116K [0x00000000c1800000, 0x0000000100000000)
  region size 1024K, 51 young (52224K), 4 survivors (4096K)
 Metaspace       used 49917K, capacity 51383K, committed 51584K, reserved 1093632K
  class space    used 6159K, capacity 6778K, committed 6784K, reserved 1048576K
}
Event: 13.199 GC heap after
{Heap after GC invocations=16 (full 0):
 garbage-first heap   total 95232K, used 22625K [0x00000000c1800000, 0x0000000100000000)
  region size 1024K, 5 young (5120K), 5 survivors (5120K)
 Metaspace       used 49917K, capacity 51383K, committed 51584K, reserved 1093632K
  class space    used 6159K, capacity 6778K, committed 6784K, reserved 1048576K
}
Event: 15.218 GC heap before
{Heap before GC invocations=16 (full 0):
 garbage-first heap   total 95232K, used 70753K [0x00000000c1800000, 0x0000000100000000)
  region size 1024K, 52 young (53248K), 5 survivors (5120K)
 Metaspace       used 56749K, capacity 58342K, committed 58624K, reserved 1099776K
  class space    used 7014K, capacity 7639K, committed 7680K, reserved 1048576K
}
Event: 15.231 GC heap after
{Heap after GC invocations=17 (full 0):
 garbage-first heap   total 95232K, used 26927K [0x00000000c1800000, 0x0000000100000000)
  region size 1024K, 7 young (7168K), 7 survivors (7168K)
 Metaspace       used 56749K, capacity 58342K, committed 58624K, reserved 1099776K
  class space    used 7014K, capacity 7639K, committed 7680K, reserved 1048576K
}
Event: 67.431 GC heap before
{Heap before GC invocations=17 (full 0):
 garbage-first heap   total 95232K, used 45359K [0x00000000c1800000, 0x0000000100000000)
  region size 1024K, 26 young (26624K), 7 survivors (7168K)
 Metaspace       used 58469K, capacity 60104K, committed 60160K, reserved 1101824K
  class space    used 7223K, capacity 7887K, committed 7936K, reserved 1048576K
}
Event: 67.544 GC heap after
{Heap after GC invocations=18 (full 0):
 garbage-first heap   total 95232K, used 27506K [0x00000000c1800000, 0x0000000100000000)
  region size 1024K, 2 young (2048K), 2 survivors (2048K)
 Metaspace       used 58469K, capacity 60104K, committed 60160K, reserved 1101824K
  class space    used 7223K, capacity 7887K, committed 7936K, reserved 1048576K
}
Event: 577.427 GC heap before
{Heap before GC invocations=19 (full 0):
 garbage-first heap   total 95232K, used 65394K [0x00000000c1800000, 0x0000000100000000)
  region size 1024K, 40 young (40960K), 2 survivors (2048K)
 Metaspace       used 62937K, capacity 64644K, committed 64768K, reserved 1105920K
  class space    used 7682K, capacity 8359K, committed 8448K, reserved 1048576K
}
Event: 577.541 GC heap after
{Heap after GC invocations=20 (full 0):
 garbage-first heap   total 95232K, used 29249K [0x00000000c1800000, 0x0000000100000000)
  region size 1024K, 3 young (3072K), 3 survivors (3072K)
 Metaspace       used 62937K, capacity 64644K, committed 64768K, reserved 1105920K
  class space    used 7682K, capacity 8359K, committed 8448K, reserved 1048576K
}

